1    /* region: Generated preamble */
2    /* Make sure the current directory is writable */
3    data _null_;
4        length rc 4;
5        %let tworkloc="%sysfunc(getoption(work))";
6        rc=dlgcdir(&tworkloc);
7    run;
NOTE: The current working directory is now 
      "/opt/sas/viya/config/var/tmp/compsrv/default/dc0baa93-8383-4c0c-900e-b05d12702e99/SAS_work1272000001DB_sas-compute-server-2a0
      8346d-f3b6-4a16-bfee-9589ad755ff4-102".
NOTE: DATA statement used (Total process time):
      real time           0.00 seconds
      cpu time            0.00 seconds
      
8    
9    /* Setup options */
10   title;
11   footnote;
12   options validvarname=any;
13   options validmemname=extend;
14   options dtreset date number;
15   options device=png;
16   
17   /* Setup macro variables */
18   %let syscc=0;
19   %let _clientapp = %nrquote(%nrstr(SAS Studio));
20   %let _clientappabbrev = %nrquote(%nrstr(Studio));
21   %let _clientappversion=2024.03;
22   %let _clientversion=;
23   %let _sasservername=&SYSHOSTNAME;
24   %let _sashostname=&SYSHOSTNAME;
25   %let _sasprogramfilehost=&SYSHOSTNAME;
26   %let _clientuserid = %nrquote(%nrstr(student));
27   %let _clientusername = %nrquote(%nrstr(Student));
28   %let clientmachine = %nrquote(%nrstr());
29   %let _clientmachine = %nrquote(%nrstr());
30   %let _clientmode = %nrquote(%nrstr(viya));
31   %let sasworklocation="%sysfunc(getoption(work))/";
32   filename _cwd &sasworklocation;
33   data _null_;
34       call symput('_sasworkingdir',pathname('_cwd'));
35   run;
NOTE: DATA statement used (Total process time):
      real time           0.00 seconds
      cpu time            0.00 seconds
      
36   filename _cwd;
NOTE: Fileref _CWD has been deassigned.
37   %let _sasprogramfile = %nrquote(%nrstr(sascontent:/files/files/9e1865e4-3f0a-4fdd-b17c-49ffbd32ba26));
38   %let _baseurl = %nrquote(%nrstr(https://server.demo.sas.com/SASStudio/));
39   %let _execenv = %nrquote(%nrstr(SASStudio));
40   %symdel _dataout_mime_type _dataout_name _dataout_url _dataout_table / nowarn;
41   %let _sasws_ = %bquote(%sysfunc(getoption(work)));
42   %let _saswstemp_ = %bquote(%sysfunc(getoption(work)));
43   
44   /* Detect SAS/Graph and setup graph options */
45   data _null_;
46       length rc $255;
47       call symput("graphinit","");
48       call symput("graphterm","");
49       rc=tslvl('sasxgopt','n');
50       _error_=0;
51       if (rc^=' ') then do;
52           call symput("graphinit","goptions reset=all gsfname=_gsfname;");
53           call symput("graphterm","goptions noaccessible;");
54       end;
55   run;
NOTE: DATA statement used (Total process time):
      real time           0.00 seconds
      cpu time            0.01 seconds
      
56   data _null_;
57       length rc 4;
58       rc=sysprod("PRODNUM002");
59       if (rc^=1) then do;
60           call symput("graphinit","");
61           call symput("graphterm","");
62       end;
63   run;
NOTE: DATA statement used (Total process time):
      real time           0.00 seconds
      cpu time            0.00 seconds
      
64   
65   /* Setup ODS destinations */
66   ods _all_ close;
67   %studio_results_directory;
68   filename _htmlout "&_results_prefix_..html";
69   filename _listout "&_results_prefix_..lst";
70   filename _gsfname temp;
71   filename _dataout "&_results_prefix_..dat";
72   ods autonavigate off;
73   ods graphics on;
74   ods html5 (id=web) METATEXT='http-equiv="Content-Security-Policy" content="default-src ''none''; style-src ''unsafe-inline'';
74 ! img-src data: ;"' device=png gpath="&_saswstemp_" path="&_saswstemp_" encoding=utf8 file=_htmlout (title='Results:Exemple
74 ! 2.sas') style=Illuminate options(bitmap_mode='inline' outline='on' svg_mode='inline' css_prefix=".ods_&SYS_COMPUTE_JOB_ID"
74 ! body_id="div_&SYS_COMPUTE_JOB_ID" );
NOTE: Writing HTML5(WEB) Body file: _HTMLOUT
75   ods listing file=_listout;
76   &graphinit;
77   %studio_initialize_custom_output;
78   /* endregion */
79   
80   /******* Exemple (2) ****/
81   /***** comparaison KEEP et KEEP=***/
82   options sastrace=',,,d' sastraceloc=saslog nostsuffix;
83   
 
ORACLE_6: Prepared: on connection 0
SELECT * FROM ETDP.ORDERS
 
84   data keep1;
85   set db.orders;
86   where country="US";
87   keep country order_date;
88   run;
 
ORACLE_7: Prepared: on connection 0
SELECT  "ORDER_ID", "PRODUCT_ID", "CUSTOMER_ID", "EMPLOYEE_ID", "ORDER_DATE", "DELIVERY_DATE", "ORDER_TYPE", "QUANTITY", 
"TOTAL_SALE", "DISCOUNT", "UNIT_PRICE", "RETAIL_PRICE", "PRODUCT_LINE", "PRODUCT_CATEGORY", "PRODUCT_GROUP", "PRODUCT_NAME", 
"SUPPLIER_COUNTRY", "SUPPLIER_NAME", "SUPPLIER_ID", "CUSTOMER_TYPE_ID", "CUSTOMER_NAME", "CUSTOMER_ADDRESS", "CITY_NAME", 
"CUSTOMER_STATE", "POSTAL_CODE", "COUNTRY", "GENDER", "CUSTOMER_AGE", "BIRTH_DATE", "FIRST_PURCHASE_DATE", "LAST_PURCHASE_DATE" 
FROM ETDP.ORDERS  WHERE  ("COUNTRY" = 'US' )
 
 
ORACLE_8: Executed: on connection 0
SELECT statement  ORACLE_7
 
NOTE: There were 1625806 observations read from the data set DB.ORDERS.
      WHERE country='US';
NOTE: The data set WORK.KEEP1 has 1625806 observations and 2 variables.
NOTE: DATA statement used (Total process time):
      real time           7.61 seconds
      cpu time            9.86 seconds
      
89   
 
ORACLE_9: Prepared: on connection 0
SELECT * FROM ETDP.ORDERS
 
90   data keep2;
91   set db.orders(keep=country order_date);
92   where country="US";
93   run;
 
ORACLE_10: Prepared: on connection 0
SELECT  "ORDER_DATE", "COUNTRY" FROM ETDP.ORDERS  WHERE  ("COUNTRY" = 'US' )
 
 
ORACLE_11: Executed: on connection 0
SELECT statement  ORACLE_10
 
NOTE: There were 1625806 observations read from the data set DB.ORDERS.
      WHERE country='US';
NOTE: The data set WORK.KEEP2 has 1625806 observations and 2 variables.
NOTE: DATA statement used (Total process time):
      real time           1.11 seconds
      cpu time            0.73 seconds
      
94   
95   options sastrace=off;
96   
97   /****** Positionnement du Where ****/
98   
99   /**** Where= en sortie faut que ça soit sur DATETIME et non DATE
100  => filtre traité par SAS  sur des colonnes de type DATETIME****/
101  
102  /***** where = en entrée ( plus rapide) et peut être sur DATE ou DATEtimE
103  => filtre traité par ORACLE et il ya une convertion implicite de DATETIME à DATE***/
104  options sastrace=',,,d' sastraceloc=saslog nostsuffix;
105  
 
ORACLE_12: Prepared: on connection 0
SELECT * FROM ETDP.ORDERS
 
106  data where1 (where=(order_date between "01JAN2017"d and "31DEC2017"d ));
107  set db.orders;
108  run;
 
ORACLE_13: Executed: on connection 0
SELECT statement  ORACLE_12
 
NOTE: There were 6661683 observations read from the data set DB.ORDERS.
NOTE: The data set WORK.WHERE1 has 0 observations and 31 variables.
NOTE: DATA statement used (Total process time):
      real time           29.25 seconds
      cpu time            43.30 seconds
      
109  
110  options sastrace=',,,d' sastraceloc=saslog nostsuffix;
111  
 
ORACLE_14: Prepared: on connection 0
SELECT * FROM ETDP.ORDERS
 
112  data where2 ;* (where=(order_date ="02JAN2011"d ));
113  set db.orders (where=(order_date between "01JAN2017"d and "31DEC2017"d ));
114  *set db.orders;
115  *set db.orders (where=(order_date between "01JAN2017:00:00:00"dt and "31DEC2017:00:00:00"dt));
116  run;
 
ORACLE_15: Prepared: on connection 0
SELECT  "ORDER_DATE", "ORDER_ID", "PRODUCT_ID", "CUSTOMER_ID", "EMPLOYEE_ID", "DELIVERY_DATE", "ORDER_TYPE", "QUANTITY", 
"TOTAL_SALE", "DISCOUNT", "UNIT_PRICE", "RETAIL_PRICE", "PRODUCT_LINE", "PRODUCT_CATEGORY", "PRODUCT_GROUP", "PRODUCT_NAME", 
"SUPPLIER_COUNTRY", "SUPPLIER_NAME", "SUPPLIER_ID", "CUSTOMER_TYPE_ID", "CUSTOMER_NAME", "CUSTOMER_ADDRESS", "CITY_NAME", 
"CUSTOMER_STATE", "POSTAL_CODE", "COUNTRY", "GENDER", "CUSTOMER_AGE", "BIRTH_DATE", "FIRST_PURCHASE_DATE", "LAST_PURCHASE_DATE" 
FROM ETDP.ORDERS  WHERE  ( ( ("ORDER_DATE" BETWEEN TO_DATE('01JAN2017','DDMONYYYY','NLS_DATE_LANGUAGE=American') AND 
TO_DATE('31DEC2017','DDMONYYYY','NLS_DATE_LANGUAGE=American') ) ) )
 
 
ORACLE_16: Executed: on connection 0
SELECT statement  ORACLE_15
 
NOTE: There were 951669 observations read from the data set DB.ORDERS.
      WHERE (order_date>='01JAN2017'D and order_date<='31DEC2017'D);
NOTE: The data set WORK.WHERE2 has 951669 observations and 31 variables.
NOTE: DATA statement used (Total process time):
      real time           1:25.76
      cpu time            20.78 seconds
      
117  
118  data where2_bis (where=(order_date = "02JAN2017:00:00:00"dt));
 
ORACLE_17: Prepared: on connection 0
SELECT * FROM ETDP.ORDERS
 
119  *set db.orders (where=(order_date between "01JAN2017"d and "31DEC2017"d ));
120  set db.orders (where=(order_date between "01JAN2017:00:00:00"dt and "31DEC2017:00:00:00"dt));
121  *set db.orders;
122  run;
 
ORACLE_18: Prepared: on connection 0
SELECT  "ORDER_DATE", "ORDER_ID", "PRODUCT_ID", "CUSTOMER_ID", "EMPLOYEE_ID", "DELIVERY_DATE", "ORDER_TYPE", "QUANTITY", 
"TOTAL_SALE", "DISCOUNT", "UNIT_PRICE", "RETAIL_PRICE", "PRODUCT_LINE", "PRODUCT_CATEGORY", "PRODUCT_GROUP", "PRODUCT_NAME", 
"SUPPLIER_COUNTRY", "SUPPLIER_NAME", "SUPPLIER_ID", "CUSTOMER_TYPE_ID", "CUSTOMER_NAME", "CUSTOMER_ADDRESS", "CITY_NAME", 
"CUSTOMER_STATE", "POSTAL_CODE", "COUNTRY", "GENDER", "CUSTOMER_AGE", "BIRTH_DATE", "FIRST_PURCHASE_DATE", "LAST_PURCHASE_DATE" 
FROM ETDP.ORDERS  WHERE  ( ( ("ORDER_DATE" BETWEEN TO_DATE('  
01JAN2017:00:00:00','DDMONYYYY:HH24:MI:SS','NLS_DATE_LANGUAGE=American') AND TO_DATE('  
31DEC2017:00:00:00','DDMONYYYY:HH24:MI:SS','NLS_DATE_LANGUAGE=American') ) ) )
 
 
ORACLE_19: Executed: on connection 0
SELECT statement  ORACLE_18
 
NOTE: There were 951669 observations read from the data set DB.ORDERS.
      WHERE (order_date>='  01JAN2017:00:00:00'DT and order_date<='  31DEC2017:00:00:00'DT);
NOTE: The data set WORK.WHERE2_BIS has 2395 observations and 31 variables.
NOTE: DATA statement used (Total process time):
      real time           5.74 seconds
      cpu time            6.28 seconds
      
123  
124  options sastrace=off;
125  /* options sastrace=',,,d' sastraceloc=saslog nostsuffix; */
126  /*  */
127  /* data where3 (where=(order_date between "01JAN2017:00:00:00"dt and "31DEC2017:00:00:00"dt)); */
128  /* set db.orders; */
129  /* run; */
130  /*  */
131  /* options sastrace=off; */
132  
133  /* region: Generated postamble */
134  /* Close ODS destinations */
135  &graphterm; ;*';*";*/;run;quit;
136  quit;run;
137  ods html5 (id=web) close;
138  ods listing close;
139  %if %sysfunc(fileref(_gsfname)) lt 0 %then %do;
140      filename _gsfname clear;
NOTE: Fileref _GSFNAME has been deassigned.
141  %end;
142  %studio_capture_custom_output;
143  /* endregion */
144  
